

Date: 5/16 
Time: 3 pm
Attendees: Jordan, Fern, Brian 
What did each member do?: 
    - Fern: 
    - Jordan: 
    - Brian:

What did we do during meeting?: Finished project and submitted first copy of it. 
Plans for next meeting?: 
Each persons' task to do before next meeting?: 
    - Fern:
    - Jordan: 
    - Brian: 

Question: 

-------------------------------------------------------

Date: 5/15 
Time: 5 pm
Attendees: Jordan, Fern, Brian 
What did each member do?: 
    - Fern: 
    - Jordan: 
    - Brian:

What did we do during meeting?: Finalized algerithmic operators, completed if and logical operators. 
Plans for next meeting?: Finish project completely
Each persons' task to do before next meeting?: 
    - Fern: else_part for action and if for any_other_token
    - Jordan: listop for action and any_other_token
    - Brian: logical operators for any_other_token

Question: 

-------------------------------------------------------

Date: 5/9 
Time: 3 pm
Attendees: Jordan, Fern, Brian 
What did each member do?: 
    - Fern: 
    - Jordan: 
    - Brian:

What did we do during meeting?: Collectively we got math operations to work properly and tested it with 5 different cases. Also got multiple funtions working.
Plans for next meeting?: Get logical operators to work
Each persons' task to do before next meeting?: 
    - Fern: 
    - Jordan: 
    - Brian: 

Question: How to keep track of what operator and when to print it 

-------------------------------------------------------

Date 5/2
Time: 3 pm
Attendees: Jordan, Fern, Brian 
What did each member do?: 
    - Fern: 
    - Jordan: 
    - Brian:

What did we do during meeting?:Collectively we came up with an idea to handle <action> operators and making the prefix notation use C++ in-fix notation
Plans for next meeting?: Get 3_test.ss working 
Each persons' task to do before next meeting?: 
    - Fern: *
    - Jordan: -
    - Brian: /



-------------------------------------------------------


Date: 5/1 
Time: 3 pm
Attendees: Jordan, Fern, Brian 
What did each member do?: 
    - Fern: Fixed the default output for .cpp file
    - Jordan: 
    - Brian: Made bash script to determine any diffs between result and expected result
What did we do during meeting?: Ask questions that arose during previous meeting
Plans for next meeting?: Get 1_test.ss working 
Each persons' task to do before next meeting?: 
    - Fern: 
    - Jordan:
    - Brian: 



-------------------------------------------------------

Date: 4/27
Time: 5 pm
Attendees: Jordan, Fern, Brian 
What did each member do?: Showed up to first meeting!
What did we do during meeting?: Set up project files. Brainstormed what needs to be done. Created Code Generator class.
Plans for next meeting?: Get first test case working
Each persons' task to do before next meeting?: 
    - Fern: 
    - Jordan:
    - Brian: 

Questions: Where do we get the object.h object.cpp files?
Questions: How to handle prefix to infix notation. e.i. (+ 5 6 7).
